<?xml version="1.0" encoding="UTF-8"?>
<testsuite xmlns:xsi="http://www.w3.org/2001/XMLSchema-instance" xsi:noNamespaceSchemaLocation="https://maven.apache.org/surefire/maven-surefire-plugin/xsd/surefire-test-report-3.0.xsd" version="3.0" name="steps.RunCucumberTest" time="0.409" tests="1" errors="0" skipped="0" failures="0">
  <properties>
[...]
</properties>
  <testcase name="Deve executar a especificação com sucesso" classname="Aprender Cucumber" time="0.073">
    <system-out><![CDATA[
CenÃ¡rio: Deve executar a especificaÃ§Ã£o com sucesso &amp#27;[90m# src/test/resources/features/aprender_cucumber.feature:8&amp#27;[0m
  &amp#27;[32mDado &amp#27;[0m&amp#27;[32mque criei o arquivo corretamente&amp#27;[0m            &amp#27;[90m# steps.AprenderCucumber.que_criei_o_arquivo_corretamente()&amp#27;[0m
  &amp#27;[32mQuando &amp#27;[0m&amp#27;[32mexecuta-lo&amp#27;[0m                                &amp#27;[90m# steps.AprenderCucumber.executa_lo()&amp#27;[0m
  &amp#27;[32mEntÃ£o &amp#27;[0m&amp#27;[32ma especificacao deve finalizar com sucesso&amp#27;[0m &amp#27;[90m# steps.AprenderCucumber.a_especificacao_deve_finalizar_com_sucesso()&amp#27;[0m
]]></system-out>
  </testcase>
</testsuite>