<?xml version="1.0" encoding="UTF-8"?>
<testsuite xmlns:xsi="http://www.w3.org/2001/XMLSchema-instance" xsi:noNamespaceSchemaLocation="https://maven.apache.org/surefire/maven-surefire-plugin/xsd/surefire-test-report-3.0.xsd" version="3.0" name="runners.RunnerTest" time="0.767" tests="4" errors="0" skipped="0" failures="0">
  <properties>
[...]
</properties>
  <testcase name="Deve alugar um filme com sucesso" classname="Alugar filme" time="0.088">
    <system-out><![CDATA[
CenÃ¡rio: Deve alugar um filme com sucesso  &amp#27;[90m# src/test/resources/features/alugar_filme.feature:8&amp#27;[0m
  &amp#27;[32mDado &amp#27;[0m&amp#27;[32mum filme com estoque de &amp#27;[0m&amp#27;[32m&amp#27;[1m2&amp#27;[0m&amp#27;[32m unidades&amp#27;[0m  &amp#27;[90m# steps.AlugarFilmeStep.umFilmeComEstoqueDeUnidades(java.lang.Integer)&amp#27;[0m
  &amp#27;[32mE &amp#27;[0m&amp#27;[32mque o preÃ§o do aluguel seja R$ &amp#27;[0m&amp#27;[32m&amp#27;[1m3&amp#27;[0m       &amp#27;[90m# steps.AlugarFilmeStep.queOPrecoDoAluguelSeja(java.lang.Integer)&amp#27;[0m
  &amp#27;[32mQuando &amp#27;[0m&amp#27;[32malugar&amp#27;[0m                            &amp#27;[90m# steps.AlugarFilmeStep.alugar()&amp#27;[0m
  &amp#27;[32mEntÃ£o &amp#27;[0m&amp#27;[32mo preÃ§o do aluguel sera R$ &amp#27;[0m&amp#27;[32m&amp#27;[1m3&amp#27;[0m       &amp#27;[90m# steps.AlugarFilmeStep.oPrecoDoAluguelSera(java.lang.Integer)&amp#27;[0m
  &amp#27;[32mE &amp#27;[0m&amp#27;[32ma data de entrega serÃ¡ no dia seguinte&amp#27;[0m &amp#27;[90m# steps.AlugarFilmeStep.aDataDeEntregaSeraNoDiaSeguinte()&amp#27;[0m
  &amp#27;[32mE &amp#27;[0m&amp#27;[32mo estoque do filme sera &amp#27;[0m&amp#27;[32m&amp#27;[1m1&amp#27;[0m&amp#27;[32m unidade&amp#27;[0m      &amp#27;[90m# steps.AlugarFilmeStep.oEstoqueDoFilmeSera(java.lang.Integer)&amp#27;[0m
]]></system-out>
    <system-err><![CDATA[mar. 03, 2026 10:52:24 PM io.cucumber.core.options.CucumberPropertiesParser lambda$warnWhenCucumberOptionsIsUsed$2
WARNING: Passing commandline options via the property 'cucumber.options' is no longer supported. Please use individual properties instead. See the java doc on io.cucumber.core.options.Constants for details.
]]></system-err>
  </testcase>
  <testcase name="Deve dar condicoes conforme tipo de aluguel #1" classname="Alugar filme" time="0.011">
    <system-out><![CDATA[
Esquema do CenÃ¡rio: Deve dar condicoes conforme tipo de aluguel &amp#27;[90m# src/test/resources/features/alugar_filme.feature:27&amp#27;[0m
  &amp#27;[32mDado &amp#27;[0m&amp#27;[32mum filme com estoque de &amp#27;[0m&amp#27;[32m&amp#27;[1m2&amp#27;[0m&amp#27;[32m unidades&amp#27;[0m                       &amp#27;[90m# steps.AlugarFilmeStep.umFilmeComEstoqueDeUnidades(java.lang.Integer)&amp#27;[0m
  &amp#27;[32mE &amp#27;[0m&amp#27;[32mque o preÃ§o do aluguel seja R$ &amp#27;[0m&amp#27;[32m&amp#27;[1m4&amp#27;[0m                            &amp#27;[90m# steps.AlugarFilmeStep.queOPrecoDoAluguelSeja(java.lang.Integer)&amp#27;[0m
  &amp#27;[32mE &amp#27;[0m&amp#27;[32mque o tipo do aluguel seja &amp#27;[0m&amp#27;[32m&amp#27;[1m"extendido"&amp#27;[0m                      &amp#27;[90m# steps.AlugarFilmeStep.queOTipoDoAluguelSeja(java.lang.String)&amp#27;[0m
  &amp#27;[32mQuando &amp#27;[0m&amp#27;[32malugar&amp#27;[0m                                                 &amp#27;[90m# steps.AlugarFilmeStep.alugar()&amp#27;[0m
  &amp#27;[32mEntÃ£o &amp#27;[0m&amp#27;[32mo preÃ§o do aluguel sera R$ &amp#27;[0m&amp#27;[32m&amp#27;[1m8&amp#27;[0m                            &amp#27;[90m# steps.AlugarFilmeStep.oPrecoDoAluguelSera(java.lang.Integer)&amp#27;[0m
  &amp#27;[32mE &amp#27;[0m&amp#27;[32ma data de entrega sera em &amp#27;[0m&amp#27;[32m&amp#27;[1m3&amp#27;[0m&amp#27;[32m dias&amp#27;[0m                            &amp#27;[90m# steps.AlugarFilmeStep.aDataDeEntregaSeraEmDias(java.lang.Integer)&amp#27;[0m
  &amp#27;[32mE &amp#27;[0m&amp#27;[32ma pontuacao recebida sera de &amp#27;[0m&amp#27;[32m&amp#27;[1m2&amp#27;[0m&amp#27;[32m pontos&amp#27;[0m                       &amp#27;[90m# steps.AlugarFilmeStep.aPontuacaoRecebidaSeraDePontos(java.lang.Integer)&amp#27;[0m
]]></system-out>
  </testcase>
  <testcase name="Deve dar condicoes conforme tipo de aluguel #2" classname="Alugar filme" time="0.014">
    <system-out><![CDATA[
Esquema do CenÃ¡rio: Deve dar condicoes conforme tipo de aluguel &amp#27;[90m# src/test/resources/features/alugar_filme.feature:28&amp#27;[0m
  &amp#27;[32mDado &amp#27;[0m&amp#27;[32mum filme com estoque de &amp#27;[0m&amp#27;[32m&amp#27;[1m2&amp#27;[0m&amp#27;[32m unidades&amp#27;[0m                       &amp#27;[90m# steps.AlugarFilmeStep.umFilmeComEstoqueDeUnidades(java.lang.Integer)&amp#27;[0m
  &amp#27;[32mE &amp#27;[0m&amp#27;[32mque o preÃ§o do aluguel seja R$ &amp#27;[0m&amp#27;[32m&amp#27;[1m4&amp#27;[0m                            &amp#27;[90m# steps.AlugarFilmeStep.queOPrecoDoAluguelSeja(java.lang.Integer)&amp#27;[0m
  &amp#27;[32mE &amp#27;[0m&amp#27;[32mque o tipo do aluguel seja &amp#27;[0m&amp#27;[32m&amp#27;[1m"comum"&amp#27;[0m                          &amp#27;[90m# steps.AlugarFilmeStep.queOTipoDoAluguelSeja(java.lang.String)&amp#27;[0m
  &amp#27;[32mQuando &amp#27;[0m&amp#27;[32malugar&amp#27;[0m                                                 &amp#27;[90m# steps.AlugarFilmeStep.alugar()&amp#27;[0m
  &amp#27;[32mEntÃ£o &amp#27;[0m&amp#27;[32mo preÃ§o do aluguel sera R$ &amp#27;[0m&amp#27;[32m&amp#27;[1m4&amp#27;[0m                            &amp#27;[90m# steps.AlugarFilmeStep.oPrecoDoAluguelSera(java.lang.Integer)&amp#27;[0m
  &amp#27;[32mE &amp#27;[0m&amp#27;[32ma data de entrega sera em &amp#27;[0m&amp#27;[32m&amp#27;[1m1&amp#27;[0m&amp#27;[32m dias&amp#27;[0m                            &amp#27;[90m# steps.AlugarFilmeStep.aDataDeEntregaSeraEmDias(java.lang.Integer)&amp#27;[0m
  &amp#27;[32mE &amp#27;[0m&amp#27;[32ma pontuacao recebida sera de &amp#27;[0m&amp#27;[32m&amp#27;[1m1&amp#27;[0m&amp#27;[32m pontos&amp#27;[0m                       &amp#27;[90m# steps.AlugarFilmeStep.aPontuacaoRecebidaSeraDePontos(java.lang.Integer)&amp#27;[0m
]]></system-out>
  </testcase>
  <testcase name="Deve dar condicoes conforme tipo de aluguel #3" classname="Alugar filme" time="0.015">
    <system-out><![CDATA[
Esquema do CenÃ¡rio: Deve dar condicoes conforme tipo de aluguel &amp#27;[90m# src/test/resources/features/alugar_filme.feature:29&amp#27;[0m
  &amp#27;[32mDado &amp#27;[0m&amp#27;[32mum filme com estoque de &amp#27;[0m&amp#27;[32m&amp#27;[1m2&amp#27;[0m&amp#27;[32m unidades&amp#27;[0m                       &amp#27;[90m# steps.AlugarFilmeStep.umFilmeComEstoqueDeUnidades(java.lang.Integer)&amp#27;[0m
  &amp#27;[32mE &amp#27;[0m&amp#27;[32mque o preÃ§o do aluguel seja R$ &amp#27;[0m&amp#27;[32m&amp#27;[1m10&amp#27;[0m                           &amp#27;[90m# steps.AlugarFilmeStep.queOPrecoDoAluguelSeja(java.lang.Integer)&amp#27;[0m
  &amp#27;[32mE &amp#27;[0m&amp#27;[32mque o tipo do aluguel seja &amp#27;[0m&amp#27;[32m&amp#27;[1m"extendido"&amp#27;[0m                      &amp#27;[90m# steps.AlugarFilmeStep.queOTipoDoAluguelSeja(java.lang.String)&amp#27;[0m
  &amp#27;[32mQuando &amp#27;[0m&amp#27;[32malugar&amp#27;[0m                                                 &amp#27;[90m# steps.AlugarFilmeStep.alugar()&amp#27;[0m
  &amp#27;[32mEntÃ£o &amp#27;[0m&amp#27;[32mo preÃ§o do aluguel sera R$ &amp#27;[0m&amp#27;[32m&amp#27;[1m20&amp#27;[0m                           &amp#27;[90m# steps.AlugarFilmeStep.oPrecoDoAluguelSera(java.lang.Integer)&amp#27;[0m
  &amp#27;[32mE &amp#27;[0m&amp#27;[32ma data de entrega sera em &amp#27;[0m&amp#27;[32m&amp#27;[1m3&amp#27;[0m&amp#27;[32m dias&amp#27;[0m                            &amp#27;[90m# steps.AlugarFilmeStep.aDataDeEntregaSeraEmDias(java.lang.Integer)&amp#27;[0m
  &amp#27;[32mE &amp#27;[0m&amp#27;[32ma pontuacao recebida sera de &amp#27;[0m&amp#27;[32m&amp#27;[1m2&amp#27;[0m&amp#27;[32m pontos&amp#27;[0m                       &amp#27;[90m# steps.AlugarFilmeStep.aPontuacaoRecebidaSeraDePontos(java.lang.Integer)&amp#27;[0m
]]></system-out>
  </testcase>
</testsuite>